!admin
!manage
12345
123456
3V#rpar
3V@rpar
Admin
Admin123
Admin123
Admin@storage
C1sco!23
C1trix321
Cisco
Cisco123
Cisco1234
EMCPMAdm7n
HuaWei123
Huawei12#$
HwDec@01
OpC_op
PASSWORD
Passw8rd
Password#1
Password123#
Stor@ge!
TANDBERG
_Cisco
access
admin
admin
admin123
attack
badg3r5
besgroup
blender
brocade
c
calvin
cc
change_it
changeme
cisco
cisco123
config
cust0mer
default
default
diamond
emc
freebsb
fribranne
fsb200@HW
hpinvent
hqadmin
hsadb
huawei123
hwosta2.0
iMC123
iadin
iapc
ilom-operator
ipics
kaviza
kaviza123
liom-admin
netapp123
netscreen
nice
nsmaint
nsroot
oracle
passowrd
passw0rd
passw0rd
pnadmin
private
procurve
public
pvadmin
rootadmin
secur4u
sysadmin
user
vcx
vkernel
vmw@re
vmware
wanscaler
welcome1